<?xml version="1.0" encoding="UTF-8"?>
<testsuite xmlns:xsi="http://www.w3.org/2001/XMLSchema-instance" xsi:noNamespaceSchemaLocation="https://maven.apache.org/surefire/maven-surefire-plugin/xsd/surefire-test-report-3.0.xsd" version="3.0" name="com.lazicode.workflow.expressions.MathExpressionTest" time="0.151" tests="28" errors="0" skipped="0" failures="0">
  <properties>
    <property name="java.specification.version" value="17"/>
    <property name="sun.jnu.encoding" value="UTF-8"/>
    <property name="java.class.path" value="/Users/palakorn/projects/lazicode-workflow/target/test-classes:/Users/palakorn/projects/lazicode-workflow/target/classes:/Users/palakorn/.m2/repository/org/slf4j/slf4j-api/1.7.36/slf4j-api-1.7.36.jar:/Users/palakorn/.m2/repository/ch/qos/logback/logback-classic/1.4.11/logback-classic-1.4.11.jar:/Users/palakorn/.m2/repository/ch/qos/logback/logback-core/1.4.11/logback-core-1.4.11.jar:/Users/palakorn/.m2/repository/org/junit/jupiter/junit-jupiter-api/5.9.3/junit-jupiter-api-5.9.3.jar:/Users/palakorn/.m2/repository/org/opentest4j/opentest4j/1.2.0/opentest4j-1.2.0.jar:/Users/palakorn/.m2/repository/org/junit/platform/junit-platform-commons/1.9.3/junit-platform-commons-1.9.3.jar:/Users/palakorn/.m2/repository/org/apiguardian/apiguardian-api/1.1.2/apiguardian-api-1.1.2.jar:/Users/palakorn/.m2/repository/org/junit/jupiter/junit-jupiter-engine/5.9.3/junit-jupiter-engine-5.9.3.jar:/Users/palakorn/.m2/repository/org/junit/platform/junit-platform-engine/1.9.3/junit-platform-engine-1.9.3.jar:/Users/palakorn/.m2/repository/org/json/json/20230618/json-20230618.jar:"/>
    <property name="java.vm.vendor" value="Homebrew"/>
    <property name="sun.arch.data.model" value="64"/>
    <property name="java.vendor.url" value="https://github.com/Homebrew/homebrew-core/issues"/>
    <property name="user.timezone" value="Asia/Bangkok"/>
    <property name="os.name" value="Mac OS X"/>
    <property name="java.vm.specification.version" value="17"/>
    <property name="sun.java.launcher" value="SUN_STANDARD"/>
    <property name="user.country" value="TH"/>
    <property name="sun.boot.library.path" value="/opt/homebrew/Cellar/openjdk@17/17.0.12/libexec/openjdk.jdk/Contents/Home/lib"/>
    <property name="sun.java.command" value="/Users/palakorn/projects/lazicode-workflow/target/surefire/surefirebooter-20241030011044120_3.jar /Users/palakorn/projects/lazicode-workflow/target/surefire 2024-10-30T01-10-43_973-jvmRun1 surefire-20241030011044120_1tmp surefire_0-20241030011044120_2tmp"/>
    <property name="http.nonProxyHosts" value="local|*.local|169.254/16|*.169.254/16"/>
    <property name="jdk.debug" value="release"/>
    <property name="surefire.test.class.path" value="/Users/palakorn/projects/lazicode-workflow/target/test-classes:/Users/palakorn/projects/lazicode-workflow/target/classes:/Users/palakorn/.m2/repository/org/slf4j/slf4j-api/1.7.36/slf4j-api-1.7.36.jar:/Users/palakorn/.m2/repository/ch/qos/logback/logback-classic/1.4.11/logback-classic-1.4.11.jar:/Users/palakorn/.m2/repository/ch/qos/logback/logback-core/1.4.11/logback-core-1.4.11.jar:/Users/palakorn/.m2/repository/org/junit/jupiter/junit-jupiter-api/5.9.3/junit-jupiter-api-5.9.3.jar:/Users/palakorn/.m2/repository/org/opentest4j/opentest4j/1.2.0/opentest4j-1.2.0.jar:/Users/palakorn/.m2/repository/org/junit/platform/junit-platform-commons/1.9.3/junit-platform-commons-1.9.3.jar:/Users/palakorn/.m2/repository/org/apiguardian/apiguardian-api/1.1.2/apiguardian-api-1.1.2.jar:/Users/palakorn/.m2/repository/org/junit/jupiter/junit-jupiter-engine/5.9.3/junit-jupiter-engine-5.9.3.jar:/Users/palakorn/.m2/repository/org/junit/platform/junit-platform-engine/1.9.3/junit-platform-engine-1.9.3.jar:/Users/palakorn/.m2/repository/org/json/json/20230618/json-20230618.jar:"/>
    <property name="sun.cpu.endian" value="little"/>
    <property name="user.home" value="/Users/palakorn"/>
    <property name="user.language" value="en"/>
    <property name="java.specification.vendor" value="Oracle Corporation"/>
    <property name="java.version.date" value="2024-07-16"/>
    <property name="java.home" value="/opt/homebrew/Cellar/openjdk@17/17.0.12/libexec/openjdk.jdk/Contents/Home"/>
    <property name="file.separator" value="/"/>
    <property name="basedir" value="/Users/palakorn/projects/lazicode-workflow"/>
    <property name="java.vm.compressedOopsMode" value="Zero based"/>
    <property name="line.separator" value="&#10;"/>
    <property name="java.vm.specification.vendor" value="Oracle Corporation"/>
    <property name="java.specification.name" value="Java Platform API Specification"/>
    <property name="surefire.real.class.path" value="/Users/palakorn/projects/lazicode-workflow/target/surefire/surefirebooter-20241030011044120_3.jar"/>
    <property name="sun.management.compiler" value="HotSpot 64-Bit Tiered Compilers"/>
    <property name="ftp.nonProxyHosts" value="local|*.local|169.254/16|*.169.254/16"/>
    <property name="java.runtime.version" value="17.0.12+0"/>
    <property name="user.name" value="palakorn"/>
    <property name="path.separator" value=":"/>
    <property name="os.version" value="15.0.1"/>
    <property name="java.runtime.name" value="OpenJDK Runtime Environment"/>
    <property name="file.encoding" value="UTF-8"/>
    <property name="java.vm.name" value="OpenJDK 64-Bit Server VM"/>
    <property name="java.vendor.version" value="Homebrew"/>
    <property name="localRepository" value="/Users/palakorn/.m2/repository"/>
    <property name="java.vendor.url.bug" value="https://github.com/Homebrew/homebrew-core/issues"/>
    <property name="java.io.tmpdir" value="/var/folders/bb/g627jbhd5rbf5q6khfg_qth80000gn/T/"/>
    <property name="java.version" value="17.0.12"/>
    <property name="user.dir" value="/Users/palakorn/projects/lazicode-workflow"/>
    <property name="os.arch" value="aarch64"/>
    <property name="java.vm.specification.name" value="Java Virtual Machine Specification"/>
    <property name="native.encoding" value="UTF-8"/>
    <property name="java.library.path" value="/Users/palakorn/Library/Java/Extensions:/Library/Java/Extensions:/Network/Library/Java/Extensions:/System/Library/Java/Extensions:/usr/lib/java:."/>
    <property name="java.vm.info" value="mixed mode, sharing"/>
    <property name="java.vendor" value="Homebrew"/>
    <property name="java.vm.version" value="17.0.12+0"/>
    <property name="sun.io.unicode.encoding" value="UnicodeBig"/>
    <property name="socksNonProxyHosts" value="local|*.local|169.254/16|*.169.254/16"/>
    <property name="java.class.version" value="61.0"/>
  </properties>
  <testcase name="testMismatchedParentheses" classname="com.lazicode.workflow.expressions.MathExpressionTest" time="0.042">
    <system-err><![CDATA[Oct 30, 2024 1:10:44 AM com.lazicode.workflow.expressions.MathExpression <init>
INFO: Initializing MathExpression with expression: A + B * C
Oct 30, 2024 1:10:44 AM com.lazicode.workflow.expressions.MathExpression isValid
INFO: Expression is valid.
Oct 30, 2024 1:10:44 AM com.lazicode.workflow.expressions.MathExpression <init>
INFO: MathExpression initialized successfully.
Oct 30, 2024 1:10:44 AM com.lazicode.workflow.expressions.MathExpression setVariable
INFO: Setting variable 'A' to value: 2
Oct 30, 2024 1:10:44 AM com.lazicode.workflow.expressions.MathExpression setVariable
INFO: Setting variable 'B' to value: 3
Oct 30, 2024 1:10:44 AM com.lazicode.workflow.expressions.MathExpression setVariable
INFO: Setting variable 'C' to value: 4
Oct 30, 2024 1:10:44 AM com.lazicode.workflow.expressions.MathExpression <init>
INFO: Initializing MathExpression with expression: ( A + B ) * ( C - D 
Oct 30, 2024 1:10:44 AM com.lazicode.workflow.expressions.MathExpression isValid
WARNING: Mismatched parentheses. Open parentheses count: 1
Oct 30, 2024 1:10:44 AM com.lazicode.workflow.expressions.MathExpression <init>
SEVERE: Invalid math expression: Mismatched parentheses. Open parentheses count: 1
]]></system-err>
  </testcase>
  <testcase name="testInvalidOperatorPlacement" classname="com.lazicode.workflow.expressions.MathExpressionTest" time="0.004">
    <system-err><![CDATA[Oct 30, 2024 1:10:44 AM com.lazicode.workflow.expressions.MathExpression <init>
INFO: Initializing MathExpression with expression: A + B * C
Oct 30, 2024 1:10:44 AM com.lazicode.workflow.expressions.MathExpression isValid
INFO: Expression is valid.
Oct 30, 2024 1:10:44 AM com.lazicode.workflow.expressions.MathExpression <init>
INFO: MathExpression initialized successfully.
Oct 30, 2024 1:10:44 AM com.lazicode.workflow.expressions.MathExpression setVariable
INFO: Setting variable 'A' to value: 2
Oct 30, 2024 1:10:44 AM com.lazicode.workflow.expressions.MathExpression setVariable
INFO: Setting variable 'B' to value: 3
Oct 30, 2024 1:10:44 AM com.lazicode.workflow.expressions.MathExpression setVariable
INFO: Setting variable 'C' to value: 4
Oct 30, 2024 1:10:44 AM com.lazicode.workflow.expressions.MathExpression <init>
INFO: Initializing MathExpression with expression: A + * B
Oct 30, 2024 1:10:44 AM com.lazicode.workflow.expressions.MathExpression isValid
WARNING: Invalid operator placement: * after +
Oct 30, 2024 1:10:44 AM com.lazicode.workflow.expressions.MathExpression <init>
SEVERE: Invalid math expression: Invalid operator placement: * after +
]]></system-err>
  </testcase>
  <testcase name="testInvalidExpressionWithMultipleIssues" classname="com.lazicode.workflow.expressions.MathExpressionTest" time="0.003">
    <system-err><![CDATA[Oct 30, 2024 1:10:44 AM com.lazicode.workflow.expressions.MathExpression <init>
INFO: Initializing MathExpression with expression: A + B * C
Oct 30, 2024 1:10:44 AM com.lazicode.workflow.expressions.MathExpression isValid
INFO: Expression is valid.
Oct 30, 2024 1:10:44 AM com.lazicode.workflow.expressions.MathExpression <init>
INFO: MathExpression initialized successfully.
Oct 30, 2024 1:10:44 AM com.lazicode.workflow.expressions.MathExpression setVariable
INFO: Setting variable 'A' to value: 2
Oct 30, 2024 1:10:44 AM com.lazicode.workflow.expressions.MathExpression setVariable
INFO: Setting variable 'B' to value: 3
Oct 30, 2024 1:10:44 AM com.lazicode.workflow.expressions.MathExpression setVariable
INFO: Setting variable 'C' to value: 4
Oct 30, 2024 1:10:44 AM com.lazicode.workflow.expressions.MathExpression <init>
INFO: Initializing MathExpression with expression: A + * ( B - )
Oct 30, 2024 1:10:44 AM com.lazicode.workflow.expressions.MathExpression isValid
WARNING: Invalid operator placement: * after +
Oct 30, 2024 1:10:44 AM com.lazicode.workflow.expressions.MathExpression <init>
SEVERE: Invalid math expression: Invalid operator placement: * after +
]]></system-err>
  </testcase>
  <testcase name="testSimpleMultiplication" classname="com.lazicode.workflow.expressions.MathExpressionTest" time="0.009">
    <system-err><![CDATA[Oct 30, 2024 1:10:44 AM com.lazicode.workflow.expressions.MathExpression <init>
INFO: Initializing MathExpression with expression: A + B * C
Oct 30, 2024 1:10:44 AM com.lazicode.workflow.expressions.MathExpression isValid
INFO: Expression is valid.
Oct 30, 2024 1:10:44 AM com.lazicode.workflow.expressions.MathExpression <init>
INFO: MathExpression initialized successfully.
Oct 30, 2024 1:10:44 AM com.lazicode.workflow.expressions.MathExpression setVariable
INFO: Setting variable 'A' to value: 2
Oct 30, 2024 1:10:44 AM com.lazicode.workflow.expressions.MathExpression setVariable
INFO: Setting variable 'B' to value: 3
Oct 30, 2024 1:10:44 AM com.lazicode.workflow.expressions.MathExpression setVariable
INFO: Setting variable 'C' to value: 4
Oct 30, 2024 1:10:44 AM com.lazicode.workflow.expressions.MathExpression <init>
INFO: Initializing MathExpression with expression: A * B
Oct 30, 2024 1:10:44 AM com.lazicode.workflow.expressions.MathExpression isValid
INFO: Expression is valid.
Oct 30, 2024 1:10:44 AM com.lazicode.workflow.expressions.MathExpression <init>
INFO: MathExpression initialized successfully.
Oct 30, 2024 1:10:44 AM com.lazicode.workflow.expressions.MathExpression setVariable
INFO: Setting variable 'A' to value: 7
Oct 30, 2024 1:10:44 AM com.lazicode.workflow.expressions.MathExpression setVariable
INFO: Setting variable 'B' to value: 6
Oct 30, 2024 1:10:44 AM com.lazicode.workflow.expressions.MathExpression calculate
INFO: Performing calculation for expression: A * B
Oct 30, 2024 1:10:44 AM com.lazicode.workflow.expressions.MathExpression evaluatePostfix
INFO: Final evaluation result: 42.0
Oct 30, 2024 1:10:44 AM com.lazicode.workflow.expressions.MathExpression calculate
INFO: Calculation successful. Result: 42.0
]]></system-err>
  </testcase>
  <testcase name="testUndefinedVariable" classname="com.lazicode.workflow.expressions.MathExpressionTest" time="0.005">
    <system-err><![CDATA[Oct 30, 2024 1:10:44 AM com.lazicode.workflow.expressions.MathExpression <init>
INFO: Initializing MathExpression with expression: A + B * C
Oct 30, 2024 1:10:44 AM com.lazicode.workflow.expressions.MathExpression isValid
INFO: Expression is valid.
Oct 30, 2024 1:10:44 AM com.lazicode.workflow.expressions.MathExpression <init>
INFO: MathExpression initialized successfully.
Oct 30, 2024 1:10:44 AM com.lazicode.workflow.expressions.MathExpression setVariable
INFO: Setting variable 'A' to value: 2
Oct 30, 2024 1:10:44 AM com.lazicode.workflow.expressions.MathExpression setVariable
INFO: Setting variable 'B' to value: 3
Oct 30, 2024 1:10:44 AM com.lazicode.workflow.expressions.MathExpression setVariable
INFO: Setting variable 'C' to value: 4
Oct 30, 2024 1:10:44 AM com.lazicode.workflow.expressions.MathExpression <init>
INFO: Initializing MathExpression with expression: A + B
Oct 30, 2024 1:10:44 AM com.lazicode.workflow.expressions.MathExpression isValid
INFO: Expression is valid.
Oct 30, 2024 1:10:44 AM com.lazicode.workflow.expressions.MathExpression <init>
INFO: MathExpression initialized successfully.
Oct 30, 2024 1:10:44 AM com.lazicode.workflow.expressions.MathExpression setVariable
INFO: Setting variable 'A' to value: 5
Oct 30, 2024 1:10:44 AM com.lazicode.workflow.expressions.MathExpression calculate
INFO: Performing calculation for expression: A + B
Oct 30, 2024 1:10:44 AM com.lazicode.workflow.expressions.MathExpression calculate
SEVERE: Error during calculation: Variable B has not been set.
java.lang.IllegalArgumentException: Variable B has not been set.
	at com.lazicode.workflow.expressions.Expression.getVariable(Expression.java:52)
	at com.lazicode.workflow.expressions.MathExpression.evaluatePostfix(MathExpression.java:271)
	at com.lazicode.workflow.expressions.MathExpression.performCalculation(MathExpression.java:98)
	at com.lazicode.workflow.expressions.MathExpression.calculate(MathExpression.java:75)
	at com.lazicode.workflow.expressions.MathExpressionTest.lambda$testUndefinedVariable$5(MathExpressionTest.java:165)
	at org.junit.jupiter.api.AssertThrows.assertThrows(AssertThrows.java:53)
	at org.junit.jupiter.api.AssertThrows.assertThrows(AssertThrows.java:35)
	at org.junit.jupiter.api.Assertions.assertThrows(Assertions.java:3083)
	at com.lazicode.workflow.expressions.MathExpressionTest.testUndefinedVariable(MathExpressionTest.java:164)
	at java.base/jdk.internal.reflect.NativeMethodAccessorImpl.invoke0(Native Method)
	at java.base/jdk.internal.reflect.NativeMethodAccessorImpl.invoke(NativeMethodAccessorImpl.java:77)
	at java.base/jdk.internal.reflect.DelegatingMethodAccessorImpl.invoke(DelegatingMethodAccessorImpl.java:43)
	at java.base/java.lang.reflect.Method.invoke(Method.java:569)
	at org.junit.platform.commons.util.ReflectionUtils.invokeMethod(ReflectionUtils.java:727)
	at org.junit.jupiter.engine.execution.MethodInvocation.proceed(MethodInvocation.java:60)
	at org.junit.jupiter.engine.execution.InvocationInterceptorChain$ValidatingInvocation.proceed(InvocationInterceptorChain.java:131)
	at org.junit.jupiter.engine.extension.TimeoutExtension.intercept(TimeoutExtension.java:156)
	at org.junit.jupiter.engine.extension.TimeoutExtension.interceptTestableMethod(TimeoutExtension.java:147)
	at org.junit.jupiter.engine.extension.TimeoutExtension.interceptTestMethod(TimeoutExtension.java:86)
	at org.junit.jupiter.engine.execution.InterceptingExecutableInvoker$ReflectiveInterceptorCall.lambda$ofVoidMethod$0(InterceptingExecutableInvoker.java:103)
	at org.junit.jupiter.engine.execution.InterceptingExecutableInvoker.lambda$invoke$0(InterceptingExecutableInvoker.java:93)
	at org.junit.jupiter.engine.execution.InvocationInterceptorChain$InterceptedInvocation.proceed(InvocationInterceptorChain.java:106)
	at org.junit.jupiter.engine.execution.InvocationInterceptorChain.proceed(InvocationInterceptorChain.java:64)
	at org.junit.jupiter.engine.execution.InvocationInterceptorChain.chainAndInvoke(InvocationInterceptorChain.java:45)
	at org.junit.jupiter.engine.execution.InvocationInterceptorChain.invoke(InvocationInterceptorChain.java:37)
	at org.junit.jupiter.engine.execution.InterceptingExecutableInvoker.invoke(InterceptingExecutableInvoker.java:92)
	at org.junit.jupiter.engine.execution.InterceptingExecutableInvoker.invoke(InterceptingExecutableInvoker.java:86)
	at org.junit.jupiter.engine.descriptor.TestMethodTestDescriptor.lambda$invokeTestMethod$7(TestMethodTestDescriptor.java:217)
	at org.junit.platform.engine.support.hierarchical.ThrowableCollector.execute(ThrowableCollector.java:73)
	at org.junit.jupiter.engine.descriptor.TestMethodTestDescriptor.invokeTestMethod(TestMethodTestDescriptor.java:213)
	at org.junit.jupiter.engine.descriptor.TestMethodTestDescriptor.execute(TestMethodTestDescriptor.java:138)
	at org.junit.jupiter.engine.descriptor.TestMethodTestDescriptor.execute(TestMethodTestDescriptor.java:68)
	at org.junit.platform.engine.support.hierarchical.NodeTestTask.lambda$executeRecursively$6(NodeTestTask.java:151)
	at org.junit.platform.engine.support.hierarchical.ThrowableCollector.execute(ThrowableCollector.java:73)
	at org.junit.platform.engine.support.hierarchical.NodeTestTask.lambda$executeRecursively$8(NodeTestTask.java:141)
	at org.junit.platform.engine.support.hierarchical.Node.around(Node.java:137)
	at org.junit.platform.engine.support.hierarchical.NodeTestTask.lambda$executeRecursively$9(NodeTestTask.java:139)
	at org.junit.platform.engine.support.hierarchical.ThrowableCollector.execute(ThrowableCollector.java:73)
	at org.junit.platform.engine.support.hierarchical.NodeTestTask.executeRecursively(NodeTestTask.java:138)
	at org.junit.platform.engine.support.hierarchical.NodeTestTask.execute(NodeTestTask.java:95)
	at java.base/java.util.ArrayList.forEach(ArrayList.java:1511)
	at org.junit.platform.engine.support.hierarchical.SameThreadHierarchicalTestExecutorService.invokeAll(SameThreadHierarchicalTestExecutorService.java:41)
	at org.junit.platform.engine.support.hierarchical.NodeTestTask.lambda$executeRecursively$6(NodeTestTask.java:155)
	at org.junit.platform.engine.support.hierarchical.ThrowableCollector.execute(ThrowableCollector.java:73)
	at org.junit.platform.engine.support.hierarchical.NodeTestTask.lambda$executeRecursively$8(NodeTestTask.java:141)
	at org.junit.platform.engine.support.hierarchical.Node.around(Node.java:137)
	at org.junit.platform.engine.support.hierarchical.NodeTestTask.lambda$executeRecursively$9(NodeTestTask.java:139)
	at org.junit.platform.engine.support.hierarchical.ThrowableCollector.execute(ThrowableCollector.java:73)
	at org.junit.platform.engine.support.hierarchical.NodeTestTask.executeRecursively(NodeTestTask.java:138)
	at org.junit.platform.engine.support.hierarchical.NodeTestTask.execute(NodeTestTask.java:95)
	at java.base/java.util.ArrayList.forEach(ArrayList.java:1511)
	at org.junit.platform.engine.support.hierarchical.SameThreadHierarchicalTestExecutorService.invokeAll(SameThreadHierarchicalTestExecutorService.java:41)
	at org.junit.platform.engine.support.hierarchical.NodeTestTask.lambda$executeRecursively$6(NodeTestTask.java:155)
	at org.junit.platform.engine.support.hierarchical.ThrowableCollector.execute(ThrowableCollector.java:73)
	at org.junit.platform.engine.support.hierarchical.NodeTestTask.lambda$executeRecursively$8(NodeTestTask.java:141)
	at org.junit.platform.engine.support.hierarchical.Node.around(Node.java:137)
	at org.junit.platform.engine.support.hierarchical.NodeTestTask.lambda$executeRecursively$9(NodeTestTask.java:139)
	at org.junit.platform.engine.support.hierarchical.ThrowableCollector.execute(ThrowableCollector.java:73)
	at org.junit.platform.engine.support.hierarchical.NodeTestTask.executeRecursively(NodeTestTask.java:138)
	at org.junit.platform.engine.support.hierarchical.NodeTestTask.execute(NodeTestTask.java:95)
	at org.junit.platform.engine.support.hierarchical.SameThreadHierarchicalTestExecutorService.submit(SameThreadHierarchicalTestExecutorService.java:35)
	at org.junit.platform.engine.support.hierarchical.HierarchicalTestExecutor.execute(HierarchicalTestExecutor.java:57)
	at org.junit.platform.engine.support.hierarchical.HierarchicalTestEngine.execute(HierarchicalTestEngine.java:54)
	at org.junit.platform.launcher.core.EngineExecutionOrchestrator.execute(EngineExecutionOrchestrator.java:147)
	at org.junit.platform.launcher.core.EngineExecutionOrchestrator.execute(EngineExecutionOrchestrator.java:127)
	at org.junit.platform.launcher.core.EngineExecutionOrchestrator.execute(EngineExecutionOrchestrator.java:90)
	at org.junit.platform.launcher.core.EngineExecutionOrchestrator.lambda$execute$0(EngineExecutionOrchestrator.java:55)
	at org.junit.platform.launcher.core.EngineExecutionOrchestrator.withInterceptedStreams(EngineExecutionOrchestrator.java:102)
	at org.junit.platform.launcher.core.EngineExecutionOrchestrator.execute(EngineExecutionOrchestrator.java:54)
	at org.junit.platform.launcher.core.DefaultLauncher.execute(DefaultLauncher.java:114)
	at org.junit.platform.launcher.core.DefaultLauncher.execute(DefaultLauncher.java:86)
	at org.junit.platform.launcher.core.DefaultLauncherSession$DelegatingLauncher.execute(DefaultLauncherSession.java:86)
	at org.apache.maven.surefire.junitplatform.LazyLauncher.execute(LazyLauncher.java:55)
	at org.apache.maven.surefire.junitplatform.JUnitPlatformProvider.execute(JUnitPlatformProvider.java:223)
	at org.apache.maven.surefire.junitplatform.JUnitPlatformProvider.invokeAllTests(JUnitPlatformProvider.java:175)
	at org.apache.maven.surefire.junitplatform.JUnitPlatformProvider.invoke(JUnitPlatformProvider.java:139)
	at org.apache.maven.surefire.booter.ForkedBooter.runSuitesInProcess(ForkedBooter.java:456)
	at org.apache.maven.surefire.booter.ForkedBooter.execute(ForkedBooter.java:169)
	at org.apache.maven.surefire.booter.ForkedBooter.run(ForkedBooter.java:595)
	at org.apache.maven.surefire.booter.ForkedBooter.main(ForkedBooter.java:581)

]]></system-err>
  </testcase>
  <testcase name="testSimpleAddition" classname="com.lazicode.workflow.expressions.MathExpressionTest" time="0.011">
    <system-err><![CDATA[Oct 30, 2024 1:10:44 AM com.lazicode.workflow.expressions.MathExpression <init>
INFO: Initializing MathExpression with expression: A + B * C
Oct 30, 2024 1:10:44 AM com.lazicode.workflow.expressions.MathExpression isValid
INFO: Expression is valid.
Oct 30, 2024 1:10:44 AM com.lazicode.workflow.expressions.MathExpression <init>
INFO: MathExpression initialized successfully.
Oct 30, 2024 1:10:44 AM com.lazicode.workflow.expressions.MathExpression setVariable
INFO: Setting variable 'A' to value: 2
Oct 30, 2024 1:10:44 AM com.lazicode.workflow.expressions.MathExpression setVariable
INFO: Setting variable 'B' to value: 3
Oct 30, 2024 1:10:44 AM com.lazicode.workflow.expressions.MathExpression setVariable
INFO: Setting variable 'C' to value: 4
Oct 30, 2024 1:10:44 AM com.lazicode.workflow.expressions.MathExpression <init>
INFO: Initializing MathExpression with expression: A + B
Oct 30, 2024 1:10:44 AM com.lazicode.workflow.expressions.MathExpression isValid
INFO: Expression is valid.
Oct 30, 2024 1:10:44 AM com.lazicode.workflow.expressions.MathExpression <init>
INFO: MathExpression initialized successfully.
Oct 30, 2024 1:10:44 AM com.lazicode.workflow.expressions.MathExpression setVariable
INFO: Setting variable 'A' to value: 5
Oct 30, 2024 1:10:44 AM com.lazicode.workflow.expressions.MathExpression setVariable
INFO: Setting variable 'B' to value: 3
Oct 30, 2024 1:10:44 AM com.lazicode.workflow.expressions.MathExpression calculate
INFO: Performing calculation for expression: A + B
Oct 30, 2024 1:10:44 AM com.lazicode.workflow.expressions.MathExpression evaluatePostfix
INFO: Final evaluation result: 8.0
Oct 30, 2024 1:10:44 AM com.lazicode.workflow.expressions.MathExpression calculate
INFO: Calculation successful. Result: 8.0
]]></system-err>
  </testcase>
  <testcase name="testComplexNestedExpression" classname="com.lazicode.workflow.expressions.MathExpressionTest" time="0.005">
    <system-err><![CDATA[Oct 30, 2024 1:10:44 AM com.lazicode.workflow.expressions.MathExpression <init>
INFO: Initializing MathExpression with expression: A + B * C
Oct 30, 2024 1:10:44 AM com.lazicode.workflow.expressions.MathExpression isValid
INFO: Expression is valid.
Oct 30, 2024 1:10:44 AM com.lazicode.workflow.expressions.MathExpression <init>
INFO: MathExpression initialized successfully.
Oct 30, 2024 1:10:44 AM com.lazicode.workflow.expressions.MathExpression setVariable
INFO: Setting variable 'A' to value: 2
Oct 30, 2024 1:10:44 AM com.lazicode.workflow.expressions.MathExpression setVariable
INFO: Setting variable 'B' to value: 3
Oct 30, 2024 1:10:44 AM com.lazicode.workflow.expressions.MathExpression setVariable
INFO: Setting variable 'C' to value: 4
Oct 30, 2024 1:10:44 AM com.lazicode.workflow.expressions.MathExpression <init>
INFO: Initializing MathExpression with expression: A + ( B * ( C + D ) ) - E / F
Oct 30, 2024 1:10:44 AM com.lazicode.workflow.expressions.MathExpression isValid
INFO: Expression is valid.
Oct 30, 2024 1:10:44 AM com.lazicode.workflow.expressions.MathExpression <init>
INFO: MathExpression initialized successfully.
Oct 30, 2024 1:10:44 AM com.lazicode.workflow.expressions.MathExpression setVariable
INFO: Setting variable 'A' to value: 1
Oct 30, 2024 1:10:44 AM com.lazicode.workflow.expressions.MathExpression setVariable
INFO: Setting variable 'B' to value: 2
Oct 30, 2024 1:10:44 AM com.lazicode.workflow.expressions.MathExpression setVariable
INFO: Setting variable 'C' to value: 3
Oct 30, 2024 1:10:44 AM com.lazicode.workflow.expressions.MathExpression setVariable
INFO: Setting variable 'D' to value: 4
Oct 30, 2024 1:10:44 AM com.lazicode.workflow.expressions.MathExpression setVariable
INFO: Setting variable 'E' to value: 10
Oct 30, 2024 1:10:44 AM com.lazicode.workflow.expressions.MathExpression setVariable
INFO: Setting variable 'F' to value: 2
Oct 30, 2024 1:10:44 AM com.lazicode.workflow.expressions.MathExpression calculate
INFO: Performing calculation for expression: A + ( B * ( C + D ) ) - E / F
Oct 30, 2024 1:10:44 AM com.lazicode.workflow.expressions.MathExpression evaluatePostfix
INFO: Final evaluation result: 10.0
Oct 30, 2024 1:10:44 AM com.lazicode.workflow.expressions.MathExpression calculate
INFO: Calculation successful. Result: 10.0
]]></system-err>
  </testcase>
  <testcase name="testEmptyExpression" classname="com.lazicode.workflow.expressions.MathExpressionTest" time="0.004">
    <system-err><![CDATA[Oct 30, 2024 1:10:44 AM com.lazicode.workflow.expressions.MathExpression <init>
INFO: Initializing MathExpression with expression: A + B * C
Oct 30, 2024 1:10:44 AM com.lazicode.workflow.expressions.MathExpression isValid
INFO: Expression is valid.
Oct 30, 2024 1:10:44 AM com.lazicode.workflow.expressions.MathExpression <init>
INFO: MathExpression initialized successfully.
Oct 30, 2024 1:10:44 AM com.lazicode.workflow.expressions.MathExpression setVariable
INFO: Setting variable 'A' to value: 2
Oct 30, 2024 1:10:44 AM com.lazicode.workflow.expressions.MathExpression setVariable
INFO: Setting variable 'B' to value: 3
Oct 30, 2024 1:10:44 AM com.lazicode.workflow.expressions.MathExpression setVariable
INFO: Setting variable 'C' to value: 4
Oct 30, 2024 1:10:44 AM com.lazicode.workflow.expressions.MathExpression <init>
INFO: Initializing MathExpression with expression: 
Oct 30, 2024 1:10:44 AM com.lazicode.workflow.expressions.MathExpression isValid
WARNING: Empty expression provided.
Oct 30, 2024 1:10:44 AM com.lazicode.workflow.expressions.MathExpression <init>
SEVERE: Invalid math expression: Invalid expression: Stack should contain a single result after evaluation.
]]></system-err>
  </testcase>
  <testcase name="testExpressionWithMultipleDigitNumbers" classname="com.lazicode.workflow.expressions.MathExpressionTest" time="0.003">
    <system-err><![CDATA[Oct 30, 2024 1:10:44 AM com.lazicode.workflow.expressions.MathExpression <init>
INFO: Initializing MathExpression with expression: A + B * C
Oct 30, 2024 1:10:44 AM com.lazicode.workflow.expressions.MathExpression isValid
INFO: Expression is valid.
Oct 30, 2024 1:10:44 AM com.lazicode.workflow.expressions.MathExpression <init>
INFO: MathExpression initialized successfully.
Oct 30, 2024 1:10:44 AM com.lazicode.workflow.expressions.MathExpression setVariable
INFO: Setting variable 'A' to value: 2
Oct 30, 2024 1:10:44 AM com.lazicode.workflow.expressions.MathExpression setVariable
INFO: Setting variable 'B' to value: 3
Oct 30, 2024 1:10:44 AM com.lazicode.workflow.expressions.MathExpression setVariable
INFO: Setting variable 'C' to value: 4
Oct 30, 2024 1:10:44 AM com.lazicode.workflow.expressions.MathExpression <init>
INFO: Initializing MathExpression with expression: A + B * C
Oct 30, 2024 1:10:44 AM com.lazicode.workflow.expressions.MathExpression isValid
INFO: Expression is valid.
Oct 30, 2024 1:10:44 AM com.lazicode.workflow.expressions.MathExpression <init>
INFO: MathExpression initialized successfully.
Oct 30, 2024 1:10:44 AM com.lazicode.workflow.expressions.MathExpression setVariable
INFO: Setting variable 'A' to value: 12
Oct 30, 2024 1:10:44 AM com.lazicode.workflow.expressions.MathExpression setVariable
INFO: Setting variable 'B' to value: 34
Oct 30, 2024 1:10:44 AM com.lazicode.workflow.expressions.MathExpression setVariable
INFO: Setting variable 'C' to value: 56
Oct 30, 2024 1:10:44 AM com.lazicode.workflow.expressions.MathExpression calculate
INFO: Performing calculation for expression: A + B * C
Oct 30, 2024 1:10:44 AM com.lazicode.workflow.expressions.MathExpression evaluatePostfix
INFO: Final evaluation result: 1916.0
Oct 30, 2024 1:10:44 AM com.lazicode.workflow.expressions.MathExpression calculate
INFO: Calculation successful. Result: 1916.0
]]></system-err>
  </testcase>
  <testcase name="testCalculateUsesCachedResult" classname="com.lazicode.workflow.expressions.MathExpressionTest" time="0.002">
    <system-err><![CDATA[Oct 30, 2024 1:10:44 AM com.lazicode.workflow.expressions.MathExpression <init>
INFO: Initializing MathExpression with expression: A + B * C
Oct 30, 2024 1:10:44 AM com.lazicode.workflow.expressions.MathExpression isValid
INFO: Expression is valid.
Oct 30, 2024 1:10:44 AM com.lazicode.workflow.expressions.MathExpression <init>
INFO: MathExpression initialized successfully.
Oct 30, 2024 1:10:44 AM com.lazicode.workflow.expressions.MathExpression setVariable
INFO: Setting variable 'A' to value: 2
Oct 30, 2024 1:10:44 AM com.lazicode.workflow.expressions.MathExpression setVariable
INFO: Setting variable 'B' to value: 3
Oct 30, 2024 1:10:44 AM com.lazicode.workflow.expressions.MathExpression setVariable
INFO: Setting variable 'C' to value: 4
Oct 30, 2024 1:10:44 AM com.lazicode.workflow.expressions.MathExpression calculate
INFO: Performing calculation for expression: A + B * C
Oct 30, 2024 1:10:44 AM com.lazicode.workflow.expressions.MathExpression evaluatePostfix
INFO: Final evaluation result: 14.0
Oct 30, 2024 1:10:44 AM com.lazicode.workflow.expressions.MathExpression calculate
INFO: Calculation successful. Result: 14.0
Oct 30, 2024 1:10:44 AM com.lazicode.workflow.expressions.MathExpression calculate
INFO: Returning cached result: 14.0
]]></system-err>
  </testcase>
  <testcase name="testExpressionWithExcessiveWhitespace" classname="com.lazicode.workflow.expressions.MathExpressionTest" time="0.003">
    <system-err><![CDATA[Oct 30, 2024 1:10:44 AM com.lazicode.workflow.expressions.MathExpression <init>
INFO: Initializing MathExpression with expression: A + B * C
Oct 30, 2024 1:10:44 AM com.lazicode.workflow.expressions.MathExpression isValid
INFO: Expression is valid.
Oct 30, 2024 1:10:44 AM com.lazicode.workflow.expressions.MathExpression <init>
INFO: MathExpression initialized successfully.
Oct 30, 2024 1:10:44 AM com.lazicode.workflow.expressions.MathExpression setVariable
INFO: Setting variable 'A' to value: 2
Oct 30, 2024 1:10:44 AM com.lazicode.workflow.expressions.MathExpression setVariable
INFO: Setting variable 'B' to value: 3
Oct 30, 2024 1:10:44 AM com.lazicode.workflow.expressions.MathExpression setVariable
INFO: Setting variable 'C' to value: 4
Oct 30, 2024 1:10:44 AM com.lazicode.workflow.expressions.MathExpression <init>
INFO: Initializing MathExpression with expression:   A    +    B *   C  
Oct 30, 2024 1:10:44 AM com.lazicode.workflow.expressions.MathExpression isValid
INFO: Expression is valid.
Oct 30, 2024 1:10:44 AM com.lazicode.workflow.expressions.MathExpression <init>
INFO: MathExpression initialized successfully.
Oct 30, 2024 1:10:44 AM com.lazicode.workflow.expressions.MathExpression setVariable
INFO: Setting variable 'A' to value: 2
Oct 30, 2024 1:10:44 AM com.lazicode.workflow.expressions.MathExpression setVariable
INFO: Setting variable 'B' to value: 3
Oct 30, 2024 1:10:44 AM com.lazicode.workflow.expressions.MathExpression setVariable
INFO: Setting variable 'C' to value: 4
Oct 30, 2024 1:10:44 AM com.lazicode.workflow.expressions.MathExpression calculate
INFO: Performing calculation for expression:   A    +    B *   C  
Oct 30, 2024 1:10:44 AM com.lazicode.workflow.expressions.MathExpression evaluatePostfix
INFO: Final evaluation result: 14.0
Oct 30, 2024 1:10:44 AM com.lazicode.workflow.expressions.MathExpression calculate
INFO: Calculation successful. Result: 14.0
]]></system-err>
  </testcase>
  <testcase name="testSimpleSubtraction" classname="com.lazicode.workflow.expressions.MathExpressionTest" time="0.002">
    <system-err><![CDATA[Oct 30, 2024 1:10:44 AM com.lazicode.workflow.expressions.MathExpression <init>
INFO: Initializing MathExpression with expression: A + B * C
Oct 30, 2024 1:10:44 AM com.lazicode.workflow.expressions.MathExpression isValid
INFO: Expression is valid.
Oct 30, 2024 1:10:44 AM com.lazicode.workflow.expressions.MathExpression <init>
INFO: MathExpression initialized successfully.
Oct 30, 2024 1:10:44 AM com.lazicode.workflow.expressions.MathExpression setVariable
INFO: Setting variable 'A' to value: 2
Oct 30, 2024 1:10:44 AM com.lazicode.workflow.expressions.MathExpression setVariable
INFO: Setting variable 'B' to value: 3
Oct 30, 2024 1:10:44 AM com.lazicode.workflow.expressions.MathExpression setVariable
INFO: Setting variable 'C' to value: 4
Oct 30, 2024 1:10:44 AM com.lazicode.workflow.expressions.MathExpression <init>
INFO: Initializing MathExpression with expression: A - B
Oct 30, 2024 1:10:44 AM com.lazicode.workflow.expressions.MathExpression isValid
INFO: Expression is valid.
Oct 30, 2024 1:10:44 AM com.lazicode.workflow.expressions.MathExpression <init>
INFO: MathExpression initialized successfully.
Oct 30, 2024 1:10:44 AM com.lazicode.workflow.expressions.MathExpression setVariable
INFO: Setting variable 'A' to value: 10
Oct 30, 2024 1:10:44 AM com.lazicode.workflow.expressions.MathExpression setVariable
INFO: Setting variable 'B' to value: 4
Oct 30, 2024 1:10:44 AM com.lazicode.workflow.expressions.MathExpression calculate
INFO: Performing calculation for expression: A - B
Oct 30, 2024 1:10:44 AM com.lazicode.workflow.expressions.MathExpression evaluatePostfix
INFO: Final evaluation result: 6.0
Oct 30, 2024 1:10:44 AM com.lazicode.workflow.expressions.MathExpression calculate
INFO: Calculation successful. Result: 6.0
]]></system-err>
  </testcase>
  <testcase name="testLeadingOperator" classname="com.lazicode.workflow.expressions.MathExpressionTest" time="0.001">
    <system-err><![CDATA[Oct 30, 2024 1:10:44 AM com.lazicode.workflow.expressions.MathExpression <init>
INFO: Initializing MathExpression with expression: A + B * C
Oct 30, 2024 1:10:44 AM com.lazicode.workflow.expressions.MathExpression isValid
INFO: Expression is valid.
Oct 30, 2024 1:10:44 AM com.lazicode.workflow.expressions.MathExpression <init>
INFO: MathExpression initialized successfully.
Oct 30, 2024 1:10:44 AM com.lazicode.workflow.expressions.MathExpression setVariable
INFO: Setting variable 'A' to value: 2
Oct 30, 2024 1:10:44 AM com.lazicode.workflow.expressions.MathExpression setVariable
INFO: Setting variable 'B' to value: 3
Oct 30, 2024 1:10:44 AM com.lazicode.workflow.expressions.MathExpression setVariable
INFO: Setting variable 'C' to value: 4
Oct 30, 2024 1:10:44 AM com.lazicode.workflow.expressions.MathExpression <init>
INFO: Initializing MathExpression with expression: + A + B
Oct 30, 2024 1:10:44 AM com.lazicode.workflow.expressions.MathExpression isValid
WARNING: Invalid operator placement: + after 
Oct 30, 2024 1:10:44 AM com.lazicode.workflow.expressions.MathExpression <init>
SEVERE: Invalid math expression: Invalid operator placement: + after 
]]></system-err>
  </testcase>
  <testcase name="testCalculateCacheInvalidationOnVariableUpdate" classname="com.lazicode.workflow.expressions.MathExpressionTest" time="0.002">
    <system-err><![CDATA[Oct 30, 2024 1:10:44 AM com.lazicode.workflow.expressions.MathExpression <init>
INFO: Initializing MathExpression with expression: A + B * C
Oct 30, 2024 1:10:44 AM com.lazicode.workflow.expressions.MathExpression isValid
INFO: Expression is valid.
Oct 30, 2024 1:10:44 AM com.lazicode.workflow.expressions.MathExpression <init>
INFO: MathExpression initialized successfully.
Oct 30, 2024 1:10:44 AM com.lazicode.workflow.expressions.MathExpression setVariable
INFO: Setting variable 'A' to value: 2
Oct 30, 2024 1:10:44 AM com.lazicode.workflow.expressions.MathExpression setVariable
INFO: Setting variable 'B' to value: 3
Oct 30, 2024 1:10:44 AM com.lazicode.workflow.expressions.MathExpression setVariable
INFO: Setting variable 'C' to value: 4
Oct 30, 2024 1:10:44 AM com.lazicode.workflow.expressions.MathExpression calculate
INFO: Performing calculation for expression: A + B * C
Oct 30, 2024 1:10:44 AM com.lazicode.workflow.expressions.MathExpression evaluatePostfix
INFO: Final evaluation result: 14.0
Oct 30, 2024 1:10:44 AM com.lazicode.workflow.expressions.MathExpression calculate
INFO: Calculation successful. Result: 14.0
Oct 30, 2024 1:10:44 AM com.lazicode.workflow.expressions.MathExpression setVariable
INFO: Setting variable 'B' to value: 4
Oct 30, 2024 1:10:44 AM com.lazicode.workflow.expressions.MathExpression calculate
INFO: Performing calculation for expression: A + B * C
Oct 30, 2024 1:10:44 AM com.lazicode.workflow.expressions.MathExpression evaluatePostfix
INFO: Final evaluation result: 18.0
Oct 30, 2024 1:10:44 AM com.lazicode.workflow.expressions.MathExpression calculate
INFO: Calculation successful. Result: 18.0
]]></system-err>
  </testcase>
  <testcase name="testSimpleDivision" classname="com.lazicode.workflow.expressions.MathExpressionTest" time="0.003">
    <system-err><![CDATA[Oct 30, 2024 1:10:44 AM com.lazicode.workflow.expressions.MathExpression <init>
INFO: Initializing MathExpression with expression: A + B * C
Oct 30, 2024 1:10:44 AM com.lazicode.workflow.expressions.MathExpression isValid
INFO: Expression is valid.
Oct 30, 2024 1:10:44 AM com.lazicode.workflow.expressions.MathExpression <init>
INFO: MathExpression initialized successfully.
Oct 30, 2024 1:10:44 AM com.lazicode.workflow.expressions.MathExpression setVariable
INFO: Setting variable 'A' to value: 2
Oct 30, 2024 1:10:44 AM com.lazicode.workflow.expressions.MathExpression setVariable
INFO: Setting variable 'B' to value: 3
Oct 30, 2024 1:10:44 AM com.lazicode.workflow.expressions.MathExpression setVariable
INFO: Setting variable 'C' to value: 4
Oct 30, 2024 1:10:44 AM com.lazicode.workflow.expressions.MathExpression <init>
INFO: Initializing MathExpression with expression: A / B
Oct 30, 2024 1:10:44 AM com.lazicode.workflow.expressions.MathExpression isValid
INFO: Expression is valid.
Oct 30, 2024 1:10:44 AM com.lazicode.workflow.expressions.MathExpression <init>
INFO: MathExpression initialized successfully.
Oct 30, 2024 1:10:44 AM com.lazicode.workflow.expressions.MathExpression setVariable
INFO: Setting variable 'A' to value: 20
Oct 30, 2024 1:10:44 AM com.lazicode.workflow.expressions.MathExpression setVariable
INFO: Setting variable 'B' to value: 5
Oct 30, 2024 1:10:44 AM com.lazicode.workflow.expressions.MathExpression calculate
INFO: Performing calculation for expression: A / B
Oct 30, 2024 1:10:44 AM com.lazicode.workflow.expressions.MathExpression evaluatePostfix
INFO: Final evaluation result: 4.0
Oct 30, 2024 1:10:44 AM com.lazicode.workflow.expressions.MathExpression calculate
INFO: Calculation successful. Result: 4.0
]]></system-err>
  </testcase>
  <testcase name="testConsecutiveOperators" classname="com.lazicode.workflow.expressions.MathExpressionTest" time="0.002">
    <system-err><![CDATA[Oct 30, 2024 1:10:44 AM com.lazicode.workflow.expressions.MathExpression <init>
INFO: Initializing MathExpression with expression: A + B * C
Oct 30, 2024 1:10:44 AM com.lazicode.workflow.expressions.MathExpression isValid
INFO: Expression is valid.
Oct 30, 2024 1:10:44 AM com.lazicode.workflow.expressions.MathExpression <init>
INFO: MathExpression initialized successfully.
Oct 30, 2024 1:10:44 AM com.lazicode.workflow.expressions.MathExpression setVariable
INFO: Setting variable 'A' to value: 2
Oct 30, 2024 1:10:44 AM com.lazicode.workflow.expressions.MathExpression setVariable
INFO: Setting variable 'B' to value: 3
Oct 30, 2024 1:10:44 AM com.lazicode.workflow.expressions.MathExpression setVariable
INFO: Setting variable 'C' to value: 4
Oct 30, 2024 1:10:44 AM com.lazicode.workflow.expressions.MathExpression <init>
INFO: Initializing MathExpression with expression: A + + B
Oct 30, 2024 1:10:44 AM com.lazicode.workflow.expressions.MathExpression isValid
WARNING: Invalid operator placement: + after +
Oct 30, 2024 1:10:44 AM com.lazicode.workflow.expressions.MathExpression <init>
SEVERE: Invalid math expression: Invalid operator placement: + after +
]]></system-err>
  </testcase>
  <testcase name="testEmptyParentheses" classname="com.lazicode.workflow.expressions.MathExpressionTest" time="0.002">
    <system-err><![CDATA[Oct 30, 2024 1:10:44 AM com.lazicode.workflow.expressions.MathExpression <init>
INFO: Initializing MathExpression with expression: A + B * C
Oct 30, 2024 1:10:44 AM com.lazicode.workflow.expressions.MathExpression isValid
INFO: Expression is valid.
Oct 30, 2024 1:10:44 AM com.lazicode.workflow.expressions.MathExpression <init>
INFO: MathExpression initialized successfully.
Oct 30, 2024 1:10:44 AM com.lazicode.workflow.expressions.MathExpression setVariable
INFO: Setting variable 'A' to value: 2
Oct 30, 2024 1:10:44 AM com.lazicode.workflow.expressions.MathExpression setVariable
INFO: Setting variable 'B' to value: 3
Oct 30, 2024 1:10:44 AM com.lazicode.workflow.expressions.MathExpression setVariable
INFO: Setting variable 'C' to value: 4
Oct 30, 2024 1:10:44 AM com.lazicode.workflow.expressions.MathExpression <init>
INFO: Initializing MathExpression with expression: A + ( ) + B
Oct 30, 2024 1:10:44 AM com.lazicode.workflow.expressions.MathExpression isValid
WARNING: Empty parentheses detected.
Oct 30, 2024 1:10:44 AM com.lazicode.workflow.expressions.MathExpression <init>
SEVERE: Invalid math expression: Empty parentheses detected.
]]></system-err>
  </testcase>
  <testcase name="testDivisionByZero" classname="com.lazicode.workflow.expressions.MathExpressionTest" time="0.003">
    <system-err><![CDATA[Oct 30, 2024 1:10:44 AM com.lazicode.workflow.expressions.MathExpression <init>
INFO: Initializing MathExpression with expression: A + B * C
Oct 30, 2024 1:10:44 AM com.lazicode.workflow.expressions.MathExpression isValid
INFO: Expression is valid.
Oct 30, 2024 1:10:44 AM com.lazicode.workflow.expressions.MathExpression <init>
INFO: MathExpression initialized successfully.
Oct 30, 2024 1:10:44 AM com.lazicode.workflow.expressions.MathExpression setVariable
INFO: Setting variable 'A' to value: 2
Oct 30, 2024 1:10:44 AM com.lazicode.workflow.expressions.MathExpression setVariable
INFO: Setting variable 'B' to value: 3
Oct 30, 2024 1:10:44 AM com.lazicode.workflow.expressions.MathExpression setVariable
INFO: Setting variable 'C' to value: 4
Oct 30, 2024 1:10:44 AM com.lazicode.workflow.expressions.MathExpression <init>
INFO: Initializing MathExpression with expression: A / B
Oct 30, 2024 1:10:44 AM com.lazicode.workflow.expressions.MathExpression isValid
INFO: Expression is valid.
Oct 30, 2024 1:10:44 AM com.lazicode.workflow.expressions.MathExpression <init>
INFO: MathExpression initialized successfully.
Oct 30, 2024 1:10:44 AM com.lazicode.workflow.expressions.MathExpression setVariable
INFO: Setting variable 'A' to value: 10
Oct 30, 2024 1:10:44 AM com.lazicode.workflow.expressions.MathExpression setVariable
INFO: Setting variable 'B' to value: 0
Oct 30, 2024 1:10:44 AM com.lazicode.workflow.expressions.MathExpression calculate
INFO: Performing calculation for expression: A / B
Oct 30, 2024 1:10:44 AM com.lazicode.workflow.expressions.MathExpression evaluatePostfix
SEVERE: Division by zero.
Oct 30, 2024 1:10:44 AM com.lazicode.workflow.expressions.MathExpression calculate
SEVERE: Error during calculation: Division by zero.
java.lang.ArithmeticException: Division by zero.
	at com.lazicode.workflow.expressions.MathExpression.evaluatePostfix(MathExpression.java:327)
	at com.lazicode.workflow.expressions.MathExpression.performCalculation(MathExpression.java:98)
	at com.lazicode.workflow.expressions.MathExpression.calculate(MathExpression.java:75)
	at com.lazicode.workflow.expressions.MathExpressionTest.lambda$testDivisionByZero$4(MathExpressionTest.java:153)
	at org.junit.jupiter.api.AssertThrows.assertThrows(AssertThrows.java:53)
	at org.junit.jupiter.api.AssertThrows.assertThrows(AssertThrows.java:35)
	at org.junit.jupiter.api.Assertions.assertThrows(Assertions.java:3083)
	at com.lazicode.workflow.expressions.MathExpressionTest.testDivisionByZero(MathExpressionTest.java:152)
	at java.base/jdk.internal.reflect.NativeMethodAccessorImpl.invoke0(Native Method)
	at java.base/jdk.internal.reflect.NativeMethodAccessorImpl.invoke(NativeMethodAccessorImpl.java:77)
	at java.base/jdk.internal.reflect.DelegatingMethodAccessorImpl.invoke(DelegatingMethodAccessorImpl.java:43)
	at java.base/java.lang.reflect.Method.invoke(Method.java:569)
	at org.junit.platform.commons.util.ReflectionUtils.invokeMethod(ReflectionUtils.java:727)
	at org.junit.jupiter.engine.execution.MethodInvocation.proceed(MethodInvocation.java:60)
	at org.junit.jupiter.engine.execution.InvocationInterceptorChain$ValidatingInvocation.proceed(InvocationInterceptorChain.java:131)
	at org.junit.jupiter.engine.extension.TimeoutExtension.intercept(TimeoutExtension.java:156)
	at org.junit.jupiter.engine.extension.TimeoutExtension.interceptTestableMethod(TimeoutExtension.java:147)
	at org.junit.jupiter.engine.extension.TimeoutExtension.interceptTestMethod(TimeoutExtension.java:86)
	at org.junit.jupiter.engine.execution.InterceptingExecutableInvoker$ReflectiveInterceptorCall.lambda$ofVoidMethod$0(InterceptingExecutableInvoker.java:103)
	at org.junit.jupiter.engine.execution.InterceptingExecutableInvoker.lambda$invoke$0(InterceptingExecutableInvoker.java:93)
	at org.junit.jupiter.engine.execution.InvocationInterceptorChain$InterceptedInvocation.proceed(InvocationInterceptorChain.java:106)
	at org.junit.jupiter.engine.execution.InvocationInterceptorChain.proceed(InvocationInterceptorChain.java:64)
	at org.junit.jupiter.engine.execution.InvocationInterceptorChain.chainAndInvoke(InvocationInterceptorChain.java:45)
	at org.junit.jupiter.engine.execution.InvocationInterceptorChain.invoke(InvocationInterceptorChain.java:37)
	at org.junit.jupiter.engine.execution.InterceptingExecutableInvoker.invoke(InterceptingExecutableInvoker.java:92)
	at org.junit.jupiter.engine.execution.InterceptingExecutableInvoker.invoke(InterceptingExecutableInvoker.java:86)
	at org.junit.jupiter.engine.descriptor.TestMethodTestDescriptor.lambda$invokeTestMethod$7(TestMethodTestDescriptor.java:217)
	at org.junit.platform.engine.support.hierarchical.ThrowableCollector.execute(ThrowableCollector.java:73)
	at org.junit.jupiter.engine.descriptor.TestMethodTestDescriptor.invokeTestMethod(TestMethodTestDescriptor.java:213)
	at org.junit.jupiter.engine.descriptor.TestMethodTestDescriptor.execute(TestMethodTestDescriptor.java:138)
	at org.junit.jupiter.engine.descriptor.TestMethodTestDescriptor.execute(TestMethodTestDescriptor.java:68)
	at org.junit.platform.engine.support.hierarchical.NodeTestTask.lambda$executeRecursively$6(NodeTestTask.java:151)
	at org.junit.platform.engine.support.hierarchical.ThrowableCollector.execute(ThrowableCollector.java:73)
	at org.junit.platform.engine.support.hierarchical.NodeTestTask.lambda$executeRecursively$8(NodeTestTask.java:141)
	at org.junit.platform.engine.support.hierarchical.Node.around(Node.java:137)
	at org.junit.platform.engine.support.hierarchical.NodeTestTask.lambda$executeRecursively$9(NodeTestTask.java:139)
	at org.junit.platform.engine.support.hierarchical.ThrowableCollector.execute(ThrowableCollector.java:73)
	at org.junit.platform.engine.support.hierarchical.NodeTestTask.executeRecursively(NodeTestTask.java:138)
	at org.junit.platform.engine.support.hierarchical.NodeTestTask.execute(NodeTestTask.java:95)
	at java.base/java.util.ArrayList.forEach(ArrayList.java:1511)
	at org.junit.platform.engine.support.hierarchical.SameThreadHierarchicalTestExecutorService.invokeAll(SameThreadHierarchicalTestExecutorService.java:41)
	at org.junit.platform.engine.support.hierarchical.NodeTestTask.lambda$executeRecursively$6(NodeTestTask.java:155)
	at org.junit.platform.engine.support.hierarchical.ThrowableCollector.execute(ThrowableCollector.java:73)
	at org.junit.platform.engine.support.hierarchical.NodeTestTask.lambda$executeRecursively$8(NodeTestTask.java:141)
	at org.junit.platform.engine.support.hierarchical.Node.around(Node.java:137)
	at org.junit.platform.engine.support.hierarchical.NodeTestTask.lambda$executeRecursively$9(NodeTestTask.java:139)
	at org.junit.platform.engine.support.hierarchical.ThrowableCollector.execute(ThrowableCollector.java:73)
	at org.junit.platform.engine.support.hierarchical.NodeTestTask.executeRecursively(NodeTestTask.java:138)
	at org.junit.platform.engine.support.hierarchical.NodeTestTask.execute(NodeTestTask.java:95)
	at java.base/java.util.ArrayList.forEach(ArrayList.java:1511)
	at org.junit.platform.engine.support.hierarchical.SameThreadHierarchicalTestExecutorService.invokeAll(SameThreadHierarchicalTestExecutorService.java:41)
	at org.junit.platform.engine.support.hierarchical.NodeTestTask.lambda$executeRecursively$6(NodeTestTask.java:155)
	at org.junit.platform.engine.support.hierarchical.ThrowableCollector.execute(ThrowableCollector.java:73)
	at org.junit.platform.engine.support.hierarchical.NodeTestTask.lambda$executeRecursively$8(NodeTestTask.java:141)
	at org.junit.platform.engine.support.hierarchical.Node.around(Node.java:137)
	at org.junit.platform.engine.support.hierarchical.NodeTestTask.lambda$executeRecursively$9(NodeTestTask.java:139)
	at org.junit.platform.engine.support.hierarchical.ThrowableCollector.execute(ThrowableCollector.java:73)
	at org.junit.platform.engine.support.hierarchical.NodeTestTask.executeRecursively(NodeTestTask.java:138)
	at org.junit.platform.engine.support.hierarchical.NodeTestTask.execute(NodeTestTask.java:95)
	at org.junit.platform.engine.support.hierarchical.SameThreadHierarchicalTestExecutorService.submit(SameThreadHierarchicalTestExecutorService.java:35)
	at org.junit.platform.engine.support.hierarchical.HierarchicalTestExecutor.execute(HierarchicalTestExecutor.java:57)
	at org.junit.platform.engine.support.hierarchical.HierarchicalTestEngine.execute(HierarchicalTestEngine.java:54)
	at org.junit.platform.launcher.core.EngineExecutionOrchestrator.execute(EngineExecutionOrchestrator.java:147)
	at org.junit.platform.launcher.core.EngineExecutionOrchestrator.execute(EngineExecutionOrchestrator.java:127)
	at org.junit.platform.launcher.core.EngineExecutionOrchestrator.execute(EngineExecutionOrchestrator.java:90)
	at org.junit.platform.launcher.core.EngineExecutionOrchestrator.lambda$execute$0(EngineExecutionOrchestrator.java:55)
	at org.junit.platform.launcher.core.EngineExecutionOrchestrator.withInterceptedStreams(EngineExecutionOrchestrator.java:102)
	at org.junit.platform.launcher.core.EngineExecutionOrchestrator.execute(EngineExecutionOrchestrator.java:54)
	at org.junit.platform.launcher.core.DefaultLauncher.execute(DefaultLauncher.java:114)
	at org.junit.platform.launcher.core.DefaultLauncher.execute(DefaultLauncher.java:86)
	at org.junit.platform.launcher.core.DefaultLauncherSession$DelegatingLauncher.execute(DefaultLauncherSession.java:86)
	at org.apache.maven.surefire.junitplatform.LazyLauncher.execute(LazyLauncher.java:55)
	at org.apache.maven.surefire.junitplatform.JUnitPlatformProvider.execute(JUnitPlatformProvider.java:223)
	at org.apache.maven.surefire.junitplatform.JUnitPlatformProvider.invokeAllTests(JUnitPlatformProvider.java:175)
	at org.apache.maven.surefire.junitplatform.JUnitPlatformProvider.invoke(JUnitPlatformProvider.java:139)
	at org.apache.maven.surefire.booter.ForkedBooter.runSuitesInProcess(ForkedBooter.java:456)
	at org.apache.maven.surefire.booter.ForkedBooter.execute(ForkedBooter.java:169)
	at org.apache.maven.surefire.booter.ForkedBooter.run(ForkedBooter.java:595)
	at org.apache.maven.surefire.booter.ForkedBooter.main(ForkedBooter.java:581)

]]></system-err>
  </testcase>
  <testcase name="testTrailingOperator" classname="com.lazicode.workflow.expressions.MathExpressionTest" time="0.003">
    <system-err><![CDATA[Oct 30, 2024 1:10:44 AM com.lazicode.workflow.expressions.MathExpression <init>
INFO: Initializing MathExpression with expression: A + B * C
Oct 30, 2024 1:10:44 AM com.lazicode.workflow.expressions.MathExpression isValid
INFO: Expression is valid.
Oct 30, 2024 1:10:44 AM com.lazicode.workflow.expressions.MathExpression <init>
INFO: MathExpression initialized successfully.
Oct 30, 2024 1:10:44 AM com.lazicode.workflow.expressions.MathExpression setVariable
INFO: Setting variable 'A' to value: 2
Oct 30, 2024 1:10:44 AM com.lazicode.workflow.expressions.MathExpression setVariable
INFO: Setting variable 'B' to value: 3
Oct 30, 2024 1:10:44 AM com.lazicode.workflow.expressions.MathExpression setVariable
INFO: Setting variable 'C' to value: 4
Oct 30, 2024 1:10:44 AM com.lazicode.workflow.expressions.MathExpression <init>
INFO: Initializing MathExpression with expression: A + B -
Oct 30, 2024 1:10:44 AM com.lazicode.workflow.expressions.MathExpression isValid
WARNING: Invalid operator placement: - at the end of the expression.
Oct 30, 2024 1:10:44 AM com.lazicode.workflow.expressions.MathExpression <init>
SEVERE: Invalid math expression: Invalid expression: Stack should contain a single result after evaluation.
]]></system-err>
  </testcase>
  <testcase name="testExpressionWithOnlyOperators" classname="com.lazicode.workflow.expressions.MathExpressionTest" time="0.002">
    <system-err><![CDATA[Oct 30, 2024 1:10:44 AM com.lazicode.workflow.expressions.MathExpression <init>
INFO: Initializing MathExpression with expression: A + B * C
Oct 30, 2024 1:10:44 AM com.lazicode.workflow.expressions.MathExpression isValid
INFO: Expression is valid.
Oct 30, 2024 1:10:44 AM com.lazicode.workflow.expressions.MathExpression <init>
INFO: MathExpression initialized successfully.
Oct 30, 2024 1:10:44 AM com.lazicode.workflow.expressions.MathExpression setVariable
INFO: Setting variable 'A' to value: 2
Oct 30, 2024 1:10:44 AM com.lazicode.workflow.expressions.MathExpression setVariable
INFO: Setting variable 'B' to value: 3
Oct 30, 2024 1:10:44 AM com.lazicode.workflow.expressions.MathExpression setVariable
INFO: Setting variable 'C' to value: 4
Oct 30, 2024 1:10:44 AM com.lazicode.workflow.expressions.MathExpression <init>
INFO: Initializing MathExpression with expression: + - * /
Oct 30, 2024 1:10:44 AM com.lazicode.workflow.expressions.MathExpression isValid
WARNING: Invalid operator placement: + after 
Oct 30, 2024 1:10:44 AM com.lazicode.workflow.expressions.MathExpression <init>
SEVERE: Invalid math expression: Invalid operator placement: + after 
]]></system-err>
  </testcase>
  <testcase name="testExpressionWithDecimalNumbers" classname="com.lazicode.workflow.expressions.MathExpressionTest" time="0.002">
    <system-err><![CDATA[Oct 30, 2024 1:10:44 AM com.lazicode.workflow.expressions.MathExpression <init>
INFO: Initializing MathExpression with expression: A + B * C
Oct 30, 2024 1:10:44 AM com.lazicode.workflow.expressions.MathExpression isValid
INFO: Expression is valid.
Oct 30, 2024 1:10:44 AM com.lazicode.workflow.expressions.MathExpression <init>
INFO: MathExpression initialized successfully.
Oct 30, 2024 1:10:44 AM com.lazicode.workflow.expressions.MathExpression setVariable
INFO: Setting variable 'A' to value: 2
Oct 30, 2024 1:10:44 AM com.lazicode.workflow.expressions.MathExpression setVariable
INFO: Setting variable 'B' to value: 3
Oct 30, 2024 1:10:44 AM com.lazicode.workflow.expressions.MathExpression setVariable
INFO: Setting variable 'C' to value: 4
Oct 30, 2024 1:10:44 AM com.lazicode.workflow.expressions.MathExpression <init>
INFO: Initializing MathExpression with expression: A / B + C * D
Oct 30, 2024 1:10:44 AM com.lazicode.workflow.expressions.MathExpression isValid
INFO: Expression is valid.
Oct 30, 2024 1:10:44 AM com.lazicode.workflow.expressions.MathExpression <init>
INFO: MathExpression initialized successfully.
Oct 30, 2024 1:10:44 AM com.lazicode.workflow.expressions.MathExpression setVariable
INFO: Setting variable 'A' to value: 5.5
Oct 30, 2024 1:10:44 AM com.lazicode.workflow.expressions.MathExpression setVariable
INFO: Setting variable 'B' to value: 2.0
Oct 30, 2024 1:10:44 AM com.lazicode.workflow.expressions.MathExpression setVariable
INFO: Setting variable 'C' to value: 3.3
Oct 30, 2024 1:10:44 AM com.lazicode.workflow.expressions.MathExpression setVariable
INFO: Setting variable 'D' to value: 4.4
Oct 30, 2024 1:10:44 AM com.lazicode.workflow.expressions.MathExpression calculate
INFO: Performing calculation for expression: A / B + C * D
Oct 30, 2024 1:10:44 AM com.lazicode.workflow.expressions.MathExpression evaluatePostfix
INFO: Final evaluation result: 17.27
Oct 30, 2024 1:10:44 AM com.lazicode.workflow.expressions.MathExpression calculate
INFO: Calculation successful. Result: 17.27
]]></system-err>
  </testcase>
  <testcase name="testNestedEmptyParentheses" classname="com.lazicode.workflow.expressions.MathExpressionTest" time="0.003">
    <system-err><![CDATA[Oct 30, 2024 1:10:44 AM com.lazicode.workflow.expressions.MathExpression <init>
INFO: Initializing MathExpression with expression: A + B * C
Oct 30, 2024 1:10:44 AM com.lazicode.workflow.expressions.MathExpression isValid
INFO: Expression is valid.
Oct 30, 2024 1:10:44 AM com.lazicode.workflow.expressions.MathExpression <init>
INFO: MathExpression initialized successfully.
Oct 30, 2024 1:10:44 AM com.lazicode.workflow.expressions.MathExpression setVariable
INFO: Setting variable 'A' to value: 2
Oct 30, 2024 1:10:44 AM com.lazicode.workflow.expressions.MathExpression setVariable
INFO: Setting variable 'B' to value: 3
Oct 30, 2024 1:10:44 AM com.lazicode.workflow.expressions.MathExpression setVariable
INFO: Setting variable 'C' to value: 4
Oct 30, 2024 1:10:44 AM com.lazicode.workflow.expressions.MathExpression <init>
INFO: Initializing MathExpression with expression: A + ( ( ) ) + B
Oct 30, 2024 1:10:44 AM com.lazicode.workflow.expressions.MathExpression isValid
WARNING: Empty parentheses detected.
Oct 30, 2024 1:10:44 AM com.lazicode.workflow.expressions.MathExpression <init>
SEVERE: Invalid math expression: Empty parentheses detected.
]]></system-err>
  </testcase>
  <testcase name="testExpressionWithUnaryMinus" classname="com.lazicode.workflow.expressions.MathExpressionTest" time="0.001">
    <system-err><![CDATA[Oct 30, 2024 1:10:44 AM com.lazicode.workflow.expressions.MathExpression <init>
INFO: Initializing MathExpression with expression: A + B * C
Oct 30, 2024 1:10:44 AM com.lazicode.workflow.expressions.MathExpression isValid
INFO: Expression is valid.
Oct 30, 2024 1:10:44 AM com.lazicode.workflow.expressions.MathExpression <init>
INFO: MathExpression initialized successfully.
Oct 30, 2024 1:10:44 AM com.lazicode.workflow.expressions.MathExpression setVariable
INFO: Setting variable 'A' to value: 2
Oct 30, 2024 1:10:44 AM com.lazicode.workflow.expressions.MathExpression setVariable
INFO: Setting variable 'B' to value: 3
Oct 30, 2024 1:10:44 AM com.lazicode.workflow.expressions.MathExpression setVariable
INFO: Setting variable 'C' to value: 4
Oct 30, 2024 1:10:44 AM com.lazicode.workflow.expressions.MathExpression <init>
INFO: Initializing MathExpression with expression: - A + B
Oct 30, 2024 1:10:44 AM com.lazicode.workflow.expressions.MathExpression isValid
WARNING: Invalid operator placement: - after 
Oct 30, 2024 1:10:44 AM com.lazicode.workflow.expressions.MathExpression <init>
SEVERE: Invalid math expression: Invalid operator placement: - after 
]]></system-err>
  </testcase>
  <testcase name="testMultipleOperatorsWithPrecedence" classname="com.lazicode.workflow.expressions.MathExpressionTest" time="0.002">
    <system-err><![CDATA[Oct 30, 2024 1:10:44 AM com.lazicode.workflow.expressions.MathExpression <init>
INFO: Initializing MathExpression with expression: A + B * C
Oct 30, 2024 1:10:44 AM com.lazicode.workflow.expressions.MathExpression isValid
INFO: Expression is valid.
Oct 30, 2024 1:10:44 AM com.lazicode.workflow.expressions.MathExpression <init>
INFO: MathExpression initialized successfully.
Oct 30, 2024 1:10:44 AM com.lazicode.workflow.expressions.MathExpression setVariable
INFO: Setting variable 'A' to value: 2
Oct 30, 2024 1:10:44 AM com.lazicode.workflow.expressions.MathExpression setVariable
INFO: Setting variable 'B' to value: 3
Oct 30, 2024 1:10:44 AM com.lazicode.workflow.expressions.MathExpression setVariable
INFO: Setting variable 'C' to value: 4
Oct 30, 2024 1:10:44 AM com.lazicode.workflow.expressions.MathExpression <init>
INFO: Initializing MathExpression with expression: A + B * C - D / E
Oct 30, 2024 1:10:44 AM com.lazicode.workflow.expressions.MathExpression isValid
INFO: Expression is valid.
Oct 30, 2024 1:10:44 AM com.lazicode.workflow.expressions.MathExpression <init>
INFO: MathExpression initialized successfully.
Oct 30, 2024 1:10:44 AM com.lazicode.workflow.expressions.MathExpression setVariable
INFO: Setting variable 'A' to value: 2
Oct 30, 2024 1:10:44 AM com.lazicode.workflow.expressions.MathExpression setVariable
INFO: Setting variable 'B' to value: 3
Oct 30, 2024 1:10:44 AM com.lazicode.workflow.expressions.MathExpression setVariable
INFO: Setting variable 'C' to value: 4
Oct 30, 2024 1:10:44 AM com.lazicode.workflow.expressions.MathExpression setVariable
INFO: Setting variable 'D' to value: 10
Oct 30, 2024 1:10:44 AM com.lazicode.workflow.expressions.MathExpression setVariable
INFO: Setting variable 'E' to value: 5
Oct 30, 2024 1:10:44 AM com.lazicode.workflow.expressions.MathExpression calculate
INFO: Performing calculation for expression: A + B * C - D / E
Oct 30, 2024 1:10:44 AM com.lazicode.workflow.expressions.MathExpression evaluatePostfix
INFO: Final evaluation result: 12.0
Oct 30, 2024 1:10:44 AM com.lazicode.workflow.expressions.MathExpression calculate
INFO: Calculation successful. Result: 12.0
]]></system-err>
  </testcase>
  <testcase name="testInvalidToken" classname="com.lazicode.workflow.expressions.MathExpressionTest" time="0.002">
    <system-err><![CDATA[Oct 30, 2024 1:10:44 AM com.lazicode.workflow.expressions.MathExpression <init>
INFO: Initializing MathExpression with expression: A + B * C
Oct 30, 2024 1:10:44 AM com.lazicode.workflow.expressions.MathExpression isValid
INFO: Expression is valid.
Oct 30, 2024 1:10:44 AM com.lazicode.workflow.expressions.MathExpression <init>
INFO: MathExpression initialized successfully.
Oct 30, 2024 1:10:44 AM com.lazicode.workflow.expressions.MathExpression setVariable
INFO: Setting variable 'A' to value: 2
Oct 30, 2024 1:10:44 AM com.lazicode.workflow.expressions.MathExpression setVariable
INFO: Setting variable 'B' to value: 3
Oct 30, 2024 1:10:44 AM com.lazicode.workflow.expressions.MathExpression setVariable
INFO: Setting variable 'C' to value: 4
Oct 30, 2024 1:10:44 AM com.lazicode.workflow.expressions.MathExpression <init>
INFO: Initializing MathExpression with expression: A + B @
Oct 30, 2024 1:10:44 AM com.lazicode.workflow.expressions.MathExpression isValid
WARNING: Invalid token detected: @
Oct 30, 2024 1:10:44 AM com.lazicode.workflow.expressions.MathExpression <init>
SEVERE: Invalid math expression: Invalid token detected: @
]]></system-err>
  </testcase>
  <testcase name="testInvalidOperatorAtStart" classname="com.lazicode.workflow.expressions.MathExpressionTest" time="0.001">
    <system-err><![CDATA[Oct 30, 2024 1:10:44 AM com.lazicode.workflow.expressions.MathExpression <init>
INFO: Initializing MathExpression with expression: A + B * C
Oct 30, 2024 1:10:44 AM com.lazicode.workflow.expressions.MathExpression isValid
INFO: Expression is valid.
Oct 30, 2024 1:10:44 AM com.lazicode.workflow.expressions.MathExpression <init>
INFO: MathExpression initialized successfully.
Oct 30, 2024 1:10:44 AM com.lazicode.workflow.expressions.MathExpression setVariable
INFO: Setting variable 'A' to value: 2
Oct 30, 2024 1:10:44 AM com.lazicode.workflow.expressions.MathExpression setVariable
INFO: Setting variable 'B' to value: 3
Oct 30, 2024 1:10:44 AM com.lazicode.workflow.expressions.MathExpression setVariable
INFO: Setting variable 'C' to value: 4
Oct 30, 2024 1:10:44 AM com.lazicode.workflow.expressions.MathExpression <init>
INFO: Initializing MathExpression with expression: * A + B
Oct 30, 2024 1:10:44 AM com.lazicode.workflow.expressions.MathExpression isValid
WARNING: Invalid operator placement: * after 
Oct 30, 2024 1:10:44 AM com.lazicode.workflow.expressions.MathExpression <init>
SEVERE: Invalid math expression: Invalid operator placement: * after 
]]></system-err>
  </testcase>
  <testcase name="testExpressionWithParentheses" classname="com.lazicode.workflow.expressions.MathExpressionTest" time="0.002">
    <system-err><![CDATA[Oct 30, 2024 1:10:44 AM com.lazicode.workflow.expressions.MathExpression <init>
INFO: Initializing MathExpression with expression: A + B * C
Oct 30, 2024 1:10:44 AM com.lazicode.workflow.expressions.MathExpression isValid
INFO: Expression is valid.
Oct 30, 2024 1:10:44 AM com.lazicode.workflow.expressions.MathExpression <init>
INFO: MathExpression initialized successfully.
Oct 30, 2024 1:10:44 AM com.lazicode.workflow.expressions.MathExpression setVariable
INFO: Setting variable 'A' to value: 2
Oct 30, 2024 1:10:44 AM com.lazicode.workflow.expressions.MathExpression setVariable
INFO: Setting variable 'B' to value: 3
Oct 30, 2024 1:10:44 AM com.lazicode.workflow.expressions.MathExpression setVariable
INFO: Setting variable 'C' to value: 4
Oct 30, 2024 1:10:44 AM com.lazicode.workflow.expressions.MathExpression <init>
INFO: Initializing MathExpression with expression: ( A + B ) * ( C - D )
Oct 30, 2024 1:10:44 AM com.lazicode.workflow.expressions.MathExpression isValid
INFO: Expression is valid.
Oct 30, 2024 1:10:44 AM com.lazicode.workflow.expressions.MathExpression <init>
INFO: MathExpression initialized successfully.
Oct 30, 2024 1:10:44 AM com.lazicode.workflow.expressions.MathExpression setVariable
INFO: Setting variable 'A' to value: 5
Oct 30, 2024 1:10:44 AM com.lazicode.workflow.expressions.MathExpression setVariable
INFO: Setting variable 'B' to value: 3
Oct 30, 2024 1:10:44 AM com.lazicode.workflow.expressions.MathExpression setVariable
INFO: Setting variable 'C' to value: 10
Oct 30, 2024 1:10:44 AM com.lazicode.workflow.expressions.MathExpression setVariable
INFO: Setting variable 'D' to value: 2
Oct 30, 2024 1:10:44 AM com.lazicode.workflow.expressions.MathExpression calculate
INFO: Performing calculation for expression: ( A + B ) * ( C - D )
Oct 30, 2024 1:10:44 AM com.lazicode.workflow.expressions.MathExpression evaluatePostfix
INFO: Final evaluation result: 64.0
Oct 30, 2024 1:10:44 AM com.lazicode.workflow.expressions.MathExpression calculate
INFO: Calculation successful. Result: 64.0
]]></system-err>
  </testcase>
  <testcase name="testSetInvalidVariableValue" classname="com.lazicode.workflow.expressions.MathExpressionTest" time="0.003">
    <system-err><![CDATA[Oct 30, 2024 1:10:44 AM com.lazicode.workflow.expressions.MathExpression <init>
INFO: Initializing MathExpression with expression: A + B * C
Oct 30, 2024 1:10:44 AM com.lazicode.workflow.expressions.MathExpression isValid
INFO: Expression is valid.
Oct 30, 2024 1:10:44 AM com.lazicode.workflow.expressions.MathExpression <init>
INFO: MathExpression initialized successfully.
Oct 30, 2024 1:10:44 AM com.lazicode.workflow.expressions.MathExpression setVariable
INFO: Setting variable 'A' to value: 2
Oct 30, 2024 1:10:44 AM com.lazicode.workflow.expressions.MathExpression setVariable
INFO: Setting variable 'B' to value: 3
Oct 30, 2024 1:10:44 AM com.lazicode.workflow.expressions.MathExpression setVariable
INFO: Setting variable 'C' to value: 4
Oct 30, 2024 1:10:44 AM com.lazicode.workflow.expressions.MathExpression setVariable
WARNING: Attempted to set variable 'A' with non-numeric value: five
]]></system-err>
  </testcase>
</testsuite>